TN:
SF:src\app.ts
FN:10,main
FNF:1
FNH:1
FNDA:1,main
DA:1,1
DA:2,1
DA:3,1
DA:4,1
DA:5,1
DA:6,1
DA:7,1
DA:8,1
DA:9,1
DA:10,1
DA:11,1
DA:12,1
DA:13,1
LF:13
LH:13
BRDA:6,0,0,1
BRDA:6,1,0,1
BRDA:10,2,0,1
BRF:3
BRH:3
end_of_record
TN:
SF:src\config\plugins\yargs-plugin.ts
FNF:0
FNH:0
DA:1,1
DA:2,1
DA:3,1
DA:4,1
DA:5,1
DA:6,1
DA:7,1
DA:8,1
DA:9,1
DA:10,1
DA:11,1
DA:12,1
DA:13,1
DA:14,1
DA:15,1
DA:16,1
DA:17,1
DA:18,1
DA:19,1
DA:20,1
DA:21,1
DA:22,1
DA:23,1
DA:24,1
DA:25,1
DA:26,1
DA:27,1
DA:28,1
DA:29,1
DA:30,1
DA:31,1
DA:32,1
DA:33,1
DA:34,1
DA:35,1
DA:36,3
DA:37,3
DA:38,3
DA:39,3
DA:40,1
LF:40
LH:40
BRDA:35,0,0,3
BRDA:37,1,0,0
BRF:2
BRH:1
end_of_record
TN:
SF:src\domain\use-cases\create-table-use.case.ts
FN:11,CreateTable
FN:15,execute
FNF:2
FNH:2
FNDA:3,CreateTable
FNDA:3,execute
DA:1,1
DA:2,1
DA:3,1
DA:4,1
DA:5,1
DA:6,1
DA:7,1
DA:8,1
DA:9,1
DA:10,1
DA:11,1
DA:12,3
DA:13,3
DA:14,1
DA:15,1
DA:16,3
DA:17,3
DA:18,40
DA:19,40
DA:20,40
DA:21,40
DA:22,3
DA:23,3
DA:24,3
DA:25,1
LF:25
LH:25
BRDA:11,0,0,3
BRDA:15,1,0,3
BRDA:17,2,0,40
BRDA:20,3,0,37
BRF:4
BRH:4
end_of_record
TN:
SF:src\domain\use-cases\save-file.use-case.ts
FN:15,SaveFile
FN:19,execute
FNF:2
FNH:2
FNDA:5,SaveFile
FNDA:5,execute
DA:1,1
DA:2,1
DA:3,1
DA:4,1
DA:5,1
DA:6,1
DA:7,1
DA:8,1
DA:9,1
DA:10,1
DA:11,1
DA:12,1
DA:13,1
DA:14,1
DA:15,1
DA:16,5
DA:17,5
DA:18,1
DA:19,1
DA:20,5
DA:21,5
DA:22,5
DA:23,5
DA:24,5
DA:25,5
DA:26,2
DA:27,2
DA:28,2
DA:29,5
DA:30,1
LF:30
LH:30
BRDA:15,0,0,5
BRDA:19,1,0,5
BRDA:25,2,0,2
BRF:3
BRH:3
end_of_record
TN:
SF:src\presentations\server-app.ts
FN:14,run
FNF:1
FNH:1
FNDA:1,run
DA:1,1
DA:2,1
DA:3,1
DA:4,1
DA:5,1
DA:6,1
DA:7,1
DA:8,1
DA:9,1
DA:10,1
DA:11,1
DA:12,1
DA:13,1
DA:14,1
DA:15,1
DA:16,1
DA:17,1
DA:18,1
DA:19,1
DA:20,1
DA:21,1
DA:22,1
DA:23,1
DA:24,1
LF:24
LH:24
BRDA:14,0,0,1
BRDA:21,1,0,0
BRF:2
BRH:1
end_of_record
