{"C:\\Users\\marco\\OneDrive\\Escritorio\\Programación\\curso-node2024\\webrest-server-node\\src\\app.ts": {"path":"C:\\Users\\marco\\OneDrive\\Escritorio\\Programación\\curso-node2024\\webrest-server-node\\src\\app.ts","all":false,"statementMap":{"0":{"start":{"line":1,"column":0},"end":{"line":1,"column":37}},"1":{"start":{"line":2,"column":0},"end":{"line":2,"column":51}},"2":{"start":{"line":3,"column":0},"end":{"line":3,"column":47}},"3":{"start":{"line":4,"column":0},"end":{"line":4,"column":0}},"4":{"start":{"line":5,"column":0},"end":{"line":5,"column":0}},"5":{"start":{"line":6,"column":0},"end":{"line":6,"column":0}},"6":{"start":{"line":7,"column":0},"end":{"line":7,"column":0}},"7":{"start":{"line":8,"column":0},"end":{"line":8,"column":14}},"8":{"start":{"line":9,"column":0},"end":{"line":9,"column":9}},"9":{"start":{"line":10,"column":0},"end":{"line":10,"column":5}},"10":{"start":{"line":11,"column":0},"end":{"line":11,"column":0}},"11":{"start":{"line":12,"column":0},"end":{"line":12,"column":0}},"12":{"start":{"line":13,"column":0},"end":{"line":13,"column":17}},"13":{"start":{"line":14,"column":0},"end":{"line":14,"column":0}},"14":{"start":{"line":15,"column":0},"end":{"line":15,"column":29}},"15":{"start":{"line":16,"column":0},"end":{"line":16,"column":20}},"16":{"start":{"line":17,"column":0},"end":{"line":17,"column":34}},"17":{"start":{"line":18,"column":0},"end":{"line":18,"column":29}},"18":{"start":{"line":19,"column":0},"end":{"line":19,"column":5}},"19":{"start":{"line":20,"column":0},"end":{"line":20,"column":0}},"20":{"start":{"line":21,"column":0},"end":{"line":21,"column":17}},"21":{"start":{"line":22,"column":0},"end":{"line":22,"column":1}}},"s":{"0":1,"1":1,"2":1,"3":1,"4":1,"5":1,"6":1,"7":1,"8":1,"9":1,"10":1,"11":1,"12":1,"13":1,"14":1,"15":1,"16":1,"17":1,"18":1,"19":1,"20":1,"21":1},"branchMap":{"0":{"type":"branch","line":8,"loc":{"start":{"line":8,"column":1},"end":{"line":10,"column":2}},"locations":[{"start":{"line":8,"column":1},"end":{"line":10,"column":2}}]},"1":{"type":"branch","line":8,"loc":{"start":{"line":8,"column":12},"end":{"line":10,"column":2}},"locations":[{"start":{"line":8,"column":12},"end":{"line":10,"column":2}}]},"2":{"type":"branch","line":13,"loc":{"start":{"line":13,"column":0},"end":{"line":22,"column":1}},"locations":[{"start":{"line":13,"column":0},"end":{"line":22,"column":1}}]}},"b":{"0":[1],"1":[1],"2":[1]},"fnMap":{"0":{"name":"main","decl":{"start":{"line":13,"column":0},"end":{"line":22,"column":1}},"loc":{"start":{"line":13,"column":0},"end":{"line":22,"column":1}},"line":13}},"f":{"0":1}}
,"C:\\Users\\marco\\OneDrive\\Escritorio\\Programación\\curso-node2024\\webrest-server-node\\src\\config\\envs.ts": {"path":"C:\\Users\\marco\\OneDrive\\Escritorio\\Programación\\curso-node2024\\webrest-server-node\\src\\config\\envs.ts","all":false,"statementMap":{"0":{"start":{"line":1,"column":0},"end":{"line":1,"column":23}},"1":{"start":{"line":2,"column":0},"end":{"line":2,"column":30}},"2":{"start":{"line":3,"column":0},"end":{"line":3,"column":0}},"3":{"start":{"line":4,"column":0},"end":{"line":4,"column":0}},"4":{"start":{"line":5,"column":0},"end":{"line":5,"column":21}},"5":{"start":{"line":6,"column":0},"end":{"line":6,"column":0}},"6":{"start":{"line":7,"column":0},"end":{"line":7,"column":46}},"7":{"start":{"line":8,"column":0},"end":{"line":8,"column":63}},"8":{"start":{"line":9,"column":0},"end":{"line":9,"column":0}},"9":{"start":{"line":10,"column":0},"end":{"line":10,"column":1}}},"s":{"0":1,"1":1,"2":1,"3":1,"4":1,"5":1,"6":1,"7":1,"8":1,"9":1},"branchMap":{},"b":{},"fnMap":{},"f":{}}
,"C:\\Users\\marco\\OneDrive\\Escritorio\\Programación\\curso-node2024\\webrest-server-node\\src\\data\\postgresql\\index.ts": {"path":"C:\\Users\\marco\\OneDrive\\Escritorio\\Programación\\curso-node2024\\webrest-server-node\\src\\data\\postgresql\\index.ts","all":false,"statementMap":{"0":{"start":{"line":1,"column":0},"end":{"line":1,"column":46}},"1":{"start":{"line":2,"column":0},"end":{"line":2,"column":0}},"2":{"start":{"line":3,"column":0},"end":{"line":3,"column":41}}},"s":{"0":1,"1":1,"2":1},"branchMap":{},"b":{},"fnMap":{},"f":{}}
,"C:\\Users\\marco\\OneDrive\\Escritorio\\Programación\\curso-node2024\\webrest-server-node\\src\\domain\\dtos\\todos\\create-todo.dto.ts": {"path":"C:\\Users\\marco\\OneDrive\\Escritorio\\Programación\\curso-node2024\\webrest-server-node\\src\\domain\\dtos\\todos\\create-todo.dto.ts","all":false,"statementMap":{"0":{"start":{"line":1,"column":0},"end":{"line":1,"column":28}},"1":{"start":{"line":2,"column":0},"end":{"line":2,"column":55}},"2":{"start":{"line":3,"column":0},"end":{"line":3,"column":0}},"3":{"start":{"line":4,"column":0},"end":{"line":4,"column":5}},"4":{"start":{"line":5,"column":0},"end":{"line":5,"column":0}},"5":{"start":{"line":6,"column":0},"end":{"line":6,"column":77}},"6":{"start":{"line":7,"column":0},"end":{"line":7,"column":31}},"7":{"start":{"line":8,"column":0},"end":{"line":8,"column":76}},"8":{"start":{"line":9,"column":0},"end":{"line":9,"column":0}},"9":{"start":{"line":10,"column":0},"end":{"line":10,"column":52}},"10":{"start":{"line":11,"column":0},"end":{"line":11,"column":5}},"11":{"start":{"line":12,"column":0},"end":{"line":12,"column":1}}},"s":{"0":1,"1":1,"2":1,"3":1,"4":1,"5":1,"6":2,"7":2,"8":1,"9":1,"10":1,"11":1},"branchMap":{"0":{"type":"branch","line":2,"loc":{"start":{"line":2,"column":4},"end":{"line":4,"column":5}},"locations":[{"start":{"line":2,"column":4},"end":{"line":4,"column":5}}]},"1":{"type":"branch","line":6,"loc":{"start":{"line":6,"column":11},"end":{"line":11,"column":5}},"locations":[{"start":{"line":6,"column":11},"end":{"line":11,"column":5}}]},"2":{"type":"branch","line":8,"loc":{"start":{"line":8,"column":17},"end":{"line":8,"column":38}},"locations":[{"start":{"line":8,"column":17},"end":{"line":8,"column":38}}]},"3":{"type":"branch","line":8,"loc":{"start":{"line":8,"column":40},"end":{"line":11,"column":5}},"locations":[{"start":{"line":8,"column":40},"end":{"line":11,"column":5}}]}},"b":{"0":[1],"1":[2],"2":[1],"3":[1]},"fnMap":{"0":{"name":"CreateTodoDto","decl":{"start":{"line":2,"column":4},"end":{"line":4,"column":5}},"loc":{"start":{"line":2,"column":4},"end":{"line":4,"column":5}},"line":2},"1":{"name":"create","decl":{"start":{"line":6,"column":11},"end":{"line":11,"column":5}},"loc":{"start":{"line":6,"column":11},"end":{"line":11,"column":5}},"line":6}},"f":{"0":1,"1":2}}
,"C:\\Users\\marco\\OneDrive\\Escritorio\\Programación\\curso-node2024\\webrest-server-node\\src\\domain\\dtos\\todos\\update-todo.dto.ts": {"path":"C:\\Users\\marco\\OneDrive\\Escritorio\\Programación\\curso-node2024\\webrest-server-node\\src\\domain\\dtos\\todos\\update-todo.dto.ts","all":false,"statementMap":{"0":{"start":{"line":1,"column":0},"end":{"line":1,"column":28}},"1":{"start":{"line":2,"column":0},"end":{"line":2,"column":24}},"2":{"start":{"line":3,"column":0},"end":{"line":3,"column":35}},"3":{"start":{"line":4,"column":0},"end":{"line":4,"column":38}},"4":{"start":{"line":5,"column":0},"end":{"line":5,"column":42}},"5":{"start":{"line":6,"column":0},"end":{"line":6,"column":7}},"6":{"start":{"line":7,"column":0},"end":{"line":7,"column":0}},"7":{"start":{"line":8,"column":0},"end":{"line":8,"column":5}},"8":{"start":{"line":9,"column":0},"end":{"line":9,"column":0}},"9":{"start":{"line":10,"column":0},"end":{"line":10,"column":18}},"10":{"start":{"line":11,"column":0},"end":{"line":11,"column":53}},"11":{"start":{"line":12,"column":0},"end":{"line":12,"column":0}},"12":{"start":{"line":13,"column":0},"end":{"line":13,"column":50}},"13":{"start":{"line":14,"column":0},"end":{"line":14,"column":71}},"14":{"start":{"line":15,"column":0},"end":{"line":15,"column":0}},"15":{"start":{"line":16,"column":0},"end":{"line":16,"column":25}},"16":{"start":{"line":17,"column":0},"end":{"line":17,"column":5}},"17":{"start":{"line":18,"column":0},"end":{"line":18,"column":0}},"18":{"start":{"line":19,"column":0},"end":{"line":19,"column":77}},"19":{"start":{"line":20,"column":0},"end":{"line":20,"column":48}},"20":{"start":{"line":21,"column":0},"end":{"line":21,"column":39}},"21":{"start":{"line":22,"column":0},"end":{"line":22,"column":49}},"22":{"start":{"line":23,"column":0},"end":{"line":23,"column":9}},"23":{"start":{"line":24,"column":0},"end":{"line":24,"column":0}},"24":{"start":{"line":25,"column":0},"end":{"line":25,"column":41}},"25":{"start":{"line":26,"column":0},"end":{"line":26,"column":26}},"26":{"start":{"line":27,"column":0},"end":{"line":27,"column":51}},"27":{"start":{"line":28,"column":0},"end":{"line":28,"column":63}},"28":{"start":{"line":29,"column":0},"end":{"line":29,"column":71}},"29":{"start":{"line":30,"column":0},"end":{"line":30,"column":13}},"30":{"start":{"line":31,"column":0},"end":{"line":31,"column":9}},"31":{"start":{"line":32,"column":0},"end":{"line":32,"column":0}},"32":{"start":{"line":33,"column":0},"end":{"line":33,"column":71}},"33":{"start":{"line":34,"column":0},"end":{"line":34,"column":5}},"34":{"start":{"line":35,"column":0},"end":{"line":35,"column":1}}},"s":{"0":1,"1":1,"2":3,"3":3,"4":3,"5":3,"6":3,"7":3,"8":1,"9":1,"10":2,"11":2,"12":2,"13":2,"14":2,"15":2,"16":2,"17":1,"18":1,"19":3,"20":3,"21":0,"22":0,"23":3,"24":3,"25":3,"26":3,"27":3,"28":0,"29":0,"30":3,"31":3,"32":3,"33":3,"34":1},"branchMap":{"0":{"type":"branch","line":2,"loc":{"start":{"line":2,"column":4},"end":{"line":8,"column":5}},"locations":[{"start":{"line":2,"column":4},"end":{"line":8,"column":5}}]},"1":{"type":"branch","line":10,"loc":{"start":{"line":10,"column":4},"end":{"line":17,"column":5}},"locations":[{"start":{"line":10,"column":4},"end":{"line":17,"column":5}}]},"2":{"type":"branch","line":13,"loc":{"start":{"line":13,"column":23},"end":{"line":13,"column":50}},"locations":[{"start":{"line":13,"column":23},"end":{"line":13,"column":50}}]},"3":{"type":"branch","line":19,"loc":{"start":{"line":19,"column":11},"end":{"line":34,"column":5}},"locations":[{"start":{"line":19,"column":11},"end":{"line":34,"column":5}}]},"4":{"type":"branch","line":21,"loc":{"start":{"line":21,"column":38},"end":{"line":23,"column":9}},"locations":[{"start":{"line":21,"column":38},"end":{"line":23,"column":9}}]},"5":{"type":"branch","line":28,"loc":{"start":{"line":28,"column":62},"end":{"line":30,"column":13}},"locations":[{"start":{"line":28,"column":62},"end":{"line":30,"column":13}}]}},"b":{"0":[3],"1":[2],"2":[1],"3":[3],"4":[0],"5":[0]},"fnMap":{"0":{"name":"UpdateTodoDto","decl":{"start":{"line":2,"column":4},"end":{"line":8,"column":5}},"loc":{"start":{"line":2,"column":4},"end":{"line":8,"column":5}},"line":2},"1":{"name":"get values","decl":{"start":{"line":10,"column":4},"end":{"line":17,"column":5}},"loc":{"start":{"line":10,"column":4},"end":{"line":17,"column":5}},"line":10},"2":{"name":"update","decl":{"start":{"line":19,"column":11},"end":{"line":34,"column":5}},"loc":{"start":{"line":19,"column":11},"end":{"line":34,"column":5}},"line":19}},"f":{"0":3,"1":2,"2":3}}
,"C:\\Users\\marco\\OneDrive\\Escritorio\\Programación\\curso-node2024\\webrest-server-node\\src\\domain\\entities\\todo.entity.ts": {"path":"C:\\Users\\marco\\OneDrive\\Escritorio\\Programación\\curso-node2024\\webrest-server-node\\src\\domain\\entities\\todo.entity.ts","all":false,"statementMap":{"0":{"start":{"line":1,"column":0},"end":{"line":1,"column":53}},"1":{"start":{"line":2,"column":0},"end":{"line":2,"column":0}},"2":{"start":{"line":3,"column":0},"end":{"line":3,"column":25}},"3":{"start":{"line":4,"column":0},"end":{"line":4,"column":16}},"4":{"start":{"line":5,"column":0},"end":{"line":5,"column":26}},"5":{"start":{"line":6,"column":0},"end":{"line":6,"column":28}},"6":{"start":{"line":7,"column":0},"end":{"line":7,"column":40}},"7":{"start":{"line":8,"column":0},"end":{"line":8,"column":7}},"8":{"start":{"line":9,"column":0},"end":{"line":9,"column":0}},"9":{"start":{"line":10,"column":0},"end":{"line":10,"column":5}},"10":{"start":{"line":11,"column":0},"end":{"line":11,"column":0}},"11":{"start":{"line":12,"column":0},"end":{"line":12,"column":23}},"12":{"start":{"line":13,"column":0},"end":{"line":13,"column":34}},"13":{"start":{"line":14,"column":0},"end":{"line":14,"column":5}},"14":{"start":{"line":15,"column":0},"end":{"line":15,"column":0}},"15":{"start":{"line":16,"column":0},"end":{"line":16,"column":60}},"16":{"start":{"line":17,"column":0},"end":{"line":17,"column":49}},"17":{"start":{"line":18,"column":0},"end":{"line":18,"column":62}},"18":{"start":{"line":19,"column":0},"end":{"line":19,"column":85}},"19":{"start":{"line":20,"column":0},"end":{"line":20,"column":0}},"20":{"start":{"line":21,"column":0},"end":{"line":21,"column":27}},"21":{"start":{"line":22,"column":0},"end":{"line":22,"column":26}},"22":{"start":{"line":23,"column":0},"end":{"line":23,"column":51}},"23":{"start":{"line":24,"column":0},"end":{"line":24,"column":50}},"24":{"start":{"line":25,"column":0},"end":{"line":25,"column":77}},"25":{"start":{"line":26,"column":0},"end":{"line":26,"column":13}},"26":{"start":{"line":27,"column":0},"end":{"line":27,"column":9}},"27":{"start":{"line":28,"column":0},"end":{"line":28,"column":0}},"28":{"start":{"line":29,"column":0},"end":{"line":29,"column":53}},"29":{"start":{"line":30,"column":0},"end":{"line":30,"column":5}},"30":{"start":{"line":31,"column":0},"end":{"line":31,"column":1}}},"s":{"0":1,"1":1,"2":1,"3":1,"4":9,"5":9,"6":9,"7":9,"8":9,"9":9,"10":1,"11":1,"12":0,"13":0,"14":1,"15":1,"16":9,"17":9,"18":9,"19":9,"20":9,"21":9,"22":5,"23":5,"24":0,"25":0,"26":5,"27":9,"28":9,"29":9,"30":1},"branchMap":{"0":{"type":"branch","line":4,"loc":{"start":{"line":4,"column":4},"end":{"line":10,"column":5}},"locations":[{"start":{"line":4,"column":4},"end":{"line":10,"column":5}}]},"1":{"type":"branch","line":16,"loc":{"start":{"line":16,"column":18},"end":{"line":30,"column":5}},"locations":[{"start":{"line":16,"column":18},"end":{"line":30,"column":5}}]},"2":{"type":"branch","line":18,"loc":{"start":{"line":18,"column":17},"end":{"line":18,"column":62}},"locations":[{"start":{"line":18,"column":17},"end":{"line":18,"column":62}}]},"3":{"type":"branch","line":19,"loc":{"start":{"line":19,"column":47},"end":{"line":19,"column":85}},"locations":[{"start":{"line":19,"column":47},"end":{"line":19,"column":85}}]},"4":{"type":"branch","line":22,"loc":{"start":{"line":22,"column":25},"end":{"line":27,"column":9}},"locations":[{"start":{"line":22,"column":25},"end":{"line":27,"column":9}}]},"5":{"type":"branch","line":24,"loc":{"start":{"line":24,"column":49},"end":{"line":26,"column":13}},"locations":[{"start":{"line":24,"column":49},"end":{"line":26,"column":13}}]}},"b":{"0":[9],"1":[9],"2":[0],"3":[0],"4":[5],"5":[0]},"fnMap":{"0":{"name":"TodoEntity","decl":{"start":{"line":4,"column":4},"end":{"line":10,"column":5}},"loc":{"start":{"line":4,"column":4},"end":{"line":10,"column":5}},"line":4},"1":{"name":"get isCompleted","decl":{"start":{"line":12,"column":4},"end":{"line":14,"column":5}},"loc":{"start":{"line":12,"column":4},"end":{"line":14,"column":5}},"line":12},"2":{"name":"fromJson","decl":{"start":{"line":16,"column":18},"end":{"line":30,"column":5}},"loc":{"start":{"line":16,"column":18},"end":{"line":30,"column":5}},"line":16}},"f":{"0":9,"1":0,"2":9}}
,"C:\\Users\\marco\\OneDrive\\Escritorio\\Programación\\curso-node2024\\webrest-server-node\\src\\domain\\errors\\custom.error.ts": {"path":"C:\\Users\\marco\\OneDrive\\Escritorio\\Programación\\curso-node2024\\webrest-server-node\\src\\domain\\errors\\custom.error.ts","all":false,"statementMap":{"0":{"start":{"line":1,"column":0},"end":{"line":1,"column":40}},"1":{"start":{"line":2,"column":0},"end":{"line":2,"column":16}},"2":{"start":{"line":3,"column":0},"end":{"line":3,"column":40}},"3":{"start":{"line":4,"column":0},"end":{"line":4,"column":49}},"4":{"start":{"line":5,"column":0},"end":{"line":5,"column":7}},"5":{"start":{"line":6,"column":0},"end":{"line":6,"column":22}},"6":{"start":{"line":7,"column":0},"end":{"line":7,"column":5}},"7":{"start":{"line":8,"column":0},"end":{"line":8,"column":1}}},"s":{"0":1,"1":1,"2":3,"3":3,"4":3,"5":3,"6":3,"7":1},"branchMap":{"0":{"type":"branch","line":2,"loc":{"start":{"line":2,"column":4},"end":{"line":7,"column":5}},"locations":[{"start":{"line":2,"column":4},"end":{"line":7,"column":5}}]}},"b":{"0":[3]},"fnMap":{"0":{"name":"CustomError","decl":{"start":{"line":2,"column":4},"end":{"line":7,"column":5}},"loc":{"start":{"line":2,"column":4},"end":{"line":7,"column":5}},"line":2}},"f":{"0":3}}
,"C:\\Users\\marco\\OneDrive\\Escritorio\\Programación\\curso-node2024\\webrest-server-node\\src\\domain\\use-cases\\todo\\create-todo.ts": {"path":"C:\\Users\\marco\\OneDrive\\Escritorio\\Programación\\curso-node2024\\webrest-server-node\\src\\domain\\use-cases\\todo\\create-todo.ts","all":false,"statementMap":{"0":{"start":{"line":1,"column":0},"end":{"line":1,"column":65}},"1":{"start":{"line":2,"column":0},"end":{"line":2,"column":56}},"2":{"start":{"line":3,"column":0},"end":{"line":3,"column":68}},"3":{"start":{"line":4,"column":0},"end":{"line":4,"column":0}},"4":{"start":{"line":5,"column":0},"end":{"line":5,"column":36}},"5":{"start":{"line":6,"column":0},"end":{"line":6,"column":52}},"6":{"start":{"line":7,"column":0},"end":{"line":7,"column":1}},"7":{"start":{"line":8,"column":0},"end":{"line":8,"column":0}},"8":{"start":{"line":9,"column":0},"end":{"line":9,"column":54}},"9":{"start":{"line":10,"column":0},"end":{"line":10,"column":16}},"10":{"start":{"line":11,"column":0},"end":{"line":11,"column":51}},"11":{"start":{"line":12,"column":0},"end":{"line":12,"column":7}},"12":{"start":{"line":13,"column":0},"end":{"line":13,"column":0}},"13":{"start":{"line":14,"column":0},"end":{"line":14,"column":5}},"14":{"start":{"line":15,"column":0},"end":{"line":15,"column":54}},"15":{"start":{"line":16,"column":0},"end":{"line":16,"column":43}},"16":{"start":{"line":17,"column":0},"end":{"line":17,"column":5}},"17":{"start":{"line":18,"column":0},"end":{"line":18,"column":1}}},"s":{"0":1,"1":1,"2":1,"3":1,"4":1,"5":1,"6":1,"7":1,"8":1,"9":1,"10":1,"11":1,"12":1,"13":1,"14":1,"15":1,"16":1,"17":1},"branchMap":{"0":{"type":"branch","line":10,"loc":{"start":{"line":10,"column":4},"end":{"line":14,"column":5}},"locations":[{"start":{"line":10,"column":4},"end":{"line":14,"column":5}}]},"1":{"type":"branch","line":15,"loc":{"start":{"line":15,"column":4},"end":{"line":17,"column":5}},"locations":[{"start":{"line":15,"column":4},"end":{"line":17,"column":5}}]}},"b":{"0":[1],"1":[1]},"fnMap":{"0":{"name":"CreateTodo","decl":{"start":{"line":10,"column":4},"end":{"line":14,"column":5}},"loc":{"start":{"line":10,"column":4},"end":{"line":14,"column":5}},"line":10},"1":{"name":"execute","decl":{"start":{"line":15,"column":4},"end":{"line":17,"column":5}},"loc":{"start":{"line":15,"column":4},"end":{"line":17,"column":5}},"line":15}},"f":{"0":1,"1":1}}
,"C:\\Users\\marco\\OneDrive\\Escritorio\\Programación\\curso-node2024\\webrest-server-node\\src\\domain\\use-cases\\todo\\delete-todo.ts": {"path":"C:\\Users\\marco\\OneDrive\\Escritorio\\Programación\\curso-node2024\\webrest-server-node\\src\\domain\\use-cases\\todo\\delete-todo.ts","all":false,"statementMap":{"0":{"start":{"line":1,"column":0},"end":{"line":1,"column":56}},"1":{"start":{"line":2,"column":0},"end":{"line":2,"column":68}},"2":{"start":{"line":3,"column":0},"end":{"line":3,"column":0}},"3":{"start":{"line":4,"column":0},"end":{"line":4,"column":36}},"4":{"start":{"line":5,"column":0},"end":{"line":5,"column":44}},"5":{"start":{"line":6,"column":0},"end":{"line":6,"column":1}},"6":{"start":{"line":7,"column":0},"end":{"line":7,"column":0}},"7":{"start":{"line":8,"column":0},"end":{"line":8,"column":54}},"8":{"start":{"line":9,"column":0},"end":{"line":9,"column":16}},"9":{"start":{"line":10,"column":0},"end":{"line":10,"column":51}},"10":{"start":{"line":11,"column":0},"end":{"line":11,"column":7}},"11":{"start":{"line":12,"column":0},"end":{"line":12,"column":0}},"12":{"start":{"line":13,"column":0},"end":{"line":13,"column":5}},"13":{"start":{"line":14,"column":0},"end":{"line":14,"column":46}},"14":{"start":{"line":15,"column":0},"end":{"line":15,"column":50}},"15":{"start":{"line":16,"column":0},"end":{"line":16,"column":5}},"16":{"start":{"line":17,"column":0},"end":{"line":17,"column":1}}},"s":{"0":1,"1":1,"2":1,"3":1,"4":1,"5":1,"6":1,"7":1,"8":1,"9":2,"10":2,"11":2,"12":2,"13":1,"14":2,"15":2,"16":1},"branchMap":{"0":{"type":"branch","line":9,"loc":{"start":{"line":9,"column":4},"end":{"line":13,"column":5}},"locations":[{"start":{"line":9,"column":4},"end":{"line":13,"column":5}}]},"1":{"type":"branch","line":14,"loc":{"start":{"line":14,"column":4},"end":{"line":16,"column":5}},"locations":[{"start":{"line":14,"column":4},"end":{"line":16,"column":5}}]}},"b":{"0":[2],"1":[2]},"fnMap":{"0":{"name":"DeleteTodo","decl":{"start":{"line":9,"column":4},"end":{"line":13,"column":5}},"loc":{"start":{"line":9,"column":4},"end":{"line":13,"column":5}},"line":9},"1":{"name":"execute","decl":{"start":{"line":14,"column":4},"end":{"line":16,"column":5}},"loc":{"start":{"line":14,"column":4},"end":{"line":16,"column":5}},"line":14}},"f":{"0":2,"1":2}}
,"C:\\Users\\marco\\OneDrive\\Escritorio\\Programación\\curso-node2024\\webrest-server-node\\src\\domain\\use-cases\\todo\\get-todo.ts": {"path":"C:\\Users\\marco\\OneDrive\\Escritorio\\Programación\\curso-node2024\\webrest-server-node\\src\\domain\\use-cases\\todo\\get-todo.ts","all":false,"statementMap":{"0":{"start":{"line":1,"column":0},"end":{"line":1,"column":56}},"1":{"start":{"line":2,"column":0},"end":{"line":2,"column":68}},"2":{"start":{"line":3,"column":0},"end":{"line":3,"column":0}},"3":{"start":{"line":4,"column":0},"end":{"line":4,"column":37}},"4":{"start":{"line":5,"column":0},"end":{"line":5,"column":44}},"5":{"start":{"line":6,"column":0},"end":{"line":6,"column":1}},"6":{"start":{"line":7,"column":0},"end":{"line":7,"column":0}},"7":{"start":{"line":8,"column":0},"end":{"line":8,"column":56}},"8":{"start":{"line":9,"column":0},"end":{"line":9,"column":16}},"9":{"start":{"line":10,"column":0},"end":{"line":10,"column":51}},"10":{"start":{"line":11,"column":0},"end":{"line":11,"column":7}},"11":{"start":{"line":12,"column":0},"end":{"line":12,"column":0}},"12":{"start":{"line":13,"column":0},"end":{"line":13,"column":5}},"13":{"start":{"line":14,"column":0},"end":{"line":14,"column":46}},"14":{"start":{"line":15,"column":0},"end":{"line":15,"column":44}},"15":{"start":{"line":16,"column":0},"end":{"line":16,"column":5}},"16":{"start":{"line":17,"column":0},"end":{"line":17,"column":1}}},"s":{"0":1,"1":1,"2":1,"3":1,"4":1,"5":1,"6":1,"7":1,"8":1,"9":2,"10":2,"11":2,"12":2,"13":1,"14":2,"15":2,"16":1},"branchMap":{"0":{"type":"branch","line":9,"loc":{"start":{"line":9,"column":4},"end":{"line":13,"column":5}},"locations":[{"start":{"line":9,"column":4},"end":{"line":13,"column":5}}]},"1":{"type":"branch","line":14,"loc":{"start":{"line":14,"column":4},"end":{"line":16,"column":5}},"locations":[{"start":{"line":14,"column":4},"end":{"line":16,"column":5}}]}},"b":{"0":[2],"1":[2]},"fnMap":{"0":{"name":"GetTodoById","decl":{"start":{"line":9,"column":4},"end":{"line":13,"column":5}},"loc":{"start":{"line":9,"column":4},"end":{"line":13,"column":5}},"line":9},"1":{"name":"execute","decl":{"start":{"line":14,"column":4},"end":{"line":16,"column":5}},"loc":{"start":{"line":14,"column":4},"end":{"line":16,"column":5}},"line":14}},"f":{"0":2,"1":2}}
,"C:\\Users\\marco\\OneDrive\\Escritorio\\Programación\\curso-node2024\\webrest-server-node\\src\\domain\\use-cases\\todo\\get-todos.ts": {"path":"C:\\Users\\marco\\OneDrive\\Escritorio\\Programación\\curso-node2024\\webrest-server-node\\src\\domain\\use-cases\\todo\\get-todos.ts","all":false,"statementMap":{"0":{"start":{"line":1,"column":0},"end":{"line":1,"column":56}},"1":{"start":{"line":2,"column":0},"end":{"line":2,"column":68}},"2":{"start":{"line":3,"column":0},"end":{"line":3,"column":0}},"3":{"start":{"line":4,"column":0},"end":{"line":4,"column":34}},"4":{"start":{"line":5,"column":0},"end":{"line":5,"column":36}},"5":{"start":{"line":6,"column":0},"end":{"line":6,"column":1}},"6":{"start":{"line":7,"column":0},"end":{"line":7,"column":0}},"7":{"start":{"line":8,"column":0},"end":{"line":8,"column":50}},"8":{"start":{"line":9,"column":0},"end":{"line":9,"column":16}},"9":{"start":{"line":10,"column":0},"end":{"line":10,"column":51}},"10":{"start":{"line":11,"column":0},"end":{"line":11,"column":7}},"11":{"start":{"line":12,"column":0},"end":{"line":12,"column":0}},"12":{"start":{"line":13,"column":0},"end":{"line":13,"column":5}},"13":{"start":{"line":14,"column":0},"end":{"line":14,"column":38}},"14":{"start":{"line":15,"column":0},"end":{"line":15,"column":40}},"15":{"start":{"line":16,"column":0},"end":{"line":16,"column":5}},"16":{"start":{"line":17,"column":0},"end":{"line":17,"column":1}}},"s":{"0":1,"1":1,"2":1,"3":1,"4":1,"5":1,"6":1,"7":1,"8":1,"9":1,"10":1,"11":1,"12":1,"13":1,"14":1,"15":1,"16":1},"branchMap":{"0":{"type":"branch","line":9,"loc":{"start":{"line":9,"column":4},"end":{"line":13,"column":5}},"locations":[{"start":{"line":9,"column":4},"end":{"line":13,"column":5}}]},"1":{"type":"branch","line":14,"loc":{"start":{"line":14,"column":4},"end":{"line":16,"column":5}},"locations":[{"start":{"line":14,"column":4},"end":{"line":16,"column":5}}]}},"b":{"0":[1],"1":[1]},"fnMap":{"0":{"name":"GetTodos","decl":{"start":{"line":9,"column":4},"end":{"line":13,"column":5}},"loc":{"start":{"line":9,"column":4},"end":{"line":13,"column":5}},"line":9},"1":{"name":"execute","decl":{"start":{"line":14,"column":4},"end":{"line":16,"column":5}},"loc":{"start":{"line":14,"column":4},"end":{"line":16,"column":5}},"line":14}},"f":{"0":1,"1":1}}
,"C:\\Users\\marco\\OneDrive\\Escritorio\\Programación\\curso-node2024\\webrest-server-node\\src\\domain\\use-cases\\todo\\update-todo.ts": {"path":"C:\\Users\\marco\\OneDrive\\Escritorio\\Programación\\curso-node2024\\webrest-server-node\\src\\domain\\use-cases\\todo\\update-todo.ts","all":false,"statementMap":{"0":{"start":{"line":1,"column":0},"end":{"line":1,"column":65}},"1":{"start":{"line":2,"column":0},"end":{"line":2,"column":56}},"2":{"start":{"line":3,"column":0},"end":{"line":3,"column":68}},"3":{"start":{"line":4,"column":0},"end":{"line":4,"column":0}},"4":{"start":{"line":5,"column":0},"end":{"line":5,"column":36}},"5":{"start":{"line":6,"column":0},"end":{"line":6,"column":52}},"6":{"start":{"line":7,"column":0},"end":{"line":7,"column":1}},"7":{"start":{"line":8,"column":0},"end":{"line":8,"column":0}},"8":{"start":{"line":9,"column":0},"end":{"line":9,"column":54}},"9":{"start":{"line":10,"column":0},"end":{"line":10,"column":16}},"10":{"start":{"line":11,"column":0},"end":{"line":11,"column":51}},"11":{"start":{"line":12,"column":0},"end":{"line":12,"column":7}},"12":{"start":{"line":13,"column":0},"end":{"line":13,"column":0}},"13":{"start":{"line":14,"column":0},"end":{"line":14,"column":5}},"14":{"start":{"line":15,"column":0},"end":{"line":15,"column":54}},"15":{"start":{"line":16,"column":0},"end":{"line":16,"column":47}},"16":{"start":{"line":17,"column":0},"end":{"line":17,"column":5}},"17":{"start":{"line":18,"column":0},"end":{"line":18,"column":1}}},"s":{"0":1,"1":1,"2":1,"3":1,"4":1,"5":1,"6":1,"7":1,"8":1,"9":1,"10":3,"11":3,"12":3,"13":3,"14":1,"15":3,"16":3,"17":1},"branchMap":{"0":{"type":"branch","line":10,"loc":{"start":{"line":10,"column":4},"end":{"line":14,"column":5}},"locations":[{"start":{"line":10,"column":4},"end":{"line":14,"column":5}}]},"1":{"type":"branch","line":15,"loc":{"start":{"line":15,"column":4},"end":{"line":17,"column":5}},"locations":[{"start":{"line":15,"column":4},"end":{"line":17,"column":5}}]}},"b":{"0":[3],"1":[3]},"fnMap":{"0":{"name":"UpdateTodo","decl":{"start":{"line":10,"column":4},"end":{"line":14,"column":5}},"loc":{"start":{"line":10,"column":4},"end":{"line":14,"column":5}},"line":10},"1":{"name":"execute","decl":{"start":{"line":15,"column":4},"end":{"line":17,"column":5}},"loc":{"start":{"line":15,"column":4},"end":{"line":17,"column":5}},"line":15}},"f":{"0":3,"1":3}}
,"C:\\Users\\marco\\OneDrive\\Escritorio\\Programación\\curso-node2024\\webrest-server-node\\src\\infraestructure\\datasource\\datasource\\todo.datasource.impl.ts": {"path":"C:\\Users\\marco\\OneDrive\\Escritorio\\Programación\\curso-node2024\\webrest-server-node\\src\\infraestructure\\datasource\\datasource\\todo.datasource.impl.ts","all":false,"statementMap":{"0":{"start":{"line":1,"column":0},"end":{"line":1,"column":50}},"1":{"start":{"line":2,"column":0},"end":{"line":2,"column":77}},"2":{"start":{"line":3,"column":0},"end":{"line":3,"column":75}},"3":{"start":{"line":4,"column":0},"end":{"line":4,"column":75}},"4":{"start":{"line":5,"column":0},"end":{"line":5,"column":66}},"5":{"start":{"line":6,"column":0},"end":{"line":6,"column":66}},"6":{"start":{"line":7,"column":0},"end":{"line":7,"column":0}},"7":{"start":{"line":8,"column":0},"end":{"line":8,"column":23}},"8":{"start":{"line":9,"column":0},"end":{"line":9,"column":59}},"9":{"start":{"line":10,"column":0},"end":{"line":10,"column":69}},"10":{"start":{"line":11,"column":0},"end":{"line":11,"column":71}},"11":{"start":{"line":12,"column":0},"end":{"line":12,"column":41}},"12":{"start":{"line":13,"column":0},"end":{"line":13,"column":5}},"13":{"start":{"line":14,"column":0},"end":{"line":14,"column":0}},"14":{"start":{"line":15,"column":0},"end":{"line":15,"column":43}},"15":{"start":{"line":16,"column":0},"end":{"line":16,"column":51}},"16":{"start":{"line":17,"column":0},"end":{"line":17,"column":60}},"17":{"start":{"line":18,"column":0},"end":{"line":18,"column":5}},"18":{"start":{"line":19,"column":0},"end":{"line":19,"column":0}},"19":{"start":{"line":20,"column":0},"end":{"line":20,"column":53}},"20":{"start":{"line":21,"column":0},"end":{"line":21,"column":50}},"21":{"start":{"line":22,"column":0},"end":{"line":22,"column":25}},"22":{"start":{"line":23,"column":0},"end":{"line":23,"column":10}},"23":{"start":{"line":24,"column":0},"end":{"line":24,"column":78}},"24":{"start":{"line":25,"column":0},"end":{"line":25,"column":41}},"25":{"start":{"line":26,"column":0},"end":{"line":26,"column":5}},"26":{"start":{"line":27,"column":0},"end":{"line":27,"column":0}},"27":{"start":{"line":28,"column":0},"end":{"line":28,"column":59}},"28":{"start":{"line":29,"column":0},"end":{"line":29,"column":68}},"29":{"start":{"line":30,"column":0},"end":{"line":30,"column":78}},"30":{"start":{"line":31,"column":0},"end":{"line":31,"column":0}},"31":{"start":{"line":32,"column":0},"end":{"line":32,"column":68}},"32":{"start":{"line":33,"column":0},"end":{"line":33,"column":44}},"33":{"start":{"line":34,"column":0},"end":{"line":34,"column":5}},"34":{"start":{"line":35,"column":0},"end":{"line":35,"column":0}},"35":{"start":{"line":36,"column":0},"end":{"line":36,"column":74}},"36":{"start":{"line":37,"column":0},"end":{"line":37,"column":60}},"37":{"start":{"line":38,"column":0},"end":{"line":38,"column":93}},"38":{"start":{"line":39,"column":0},"end":{"line":39,"column":0}},"39":{"start":{"line":40,"column":0},"end":{"line":40,"column":54}},"40":{"start":{"line":41,"column":0},"end":{"line":41,"column":45}},"41":{"start":{"line":42,"column":0},"end":{"line":42,"column":39}},"42":{"start":{"line":43,"column":0},"end":{"line":43,"column":10}},"43":{"start":{"line":44,"column":0},"end":{"line":44,"column":0}},"44":{"start":{"line":45,"column":0},"end":{"line":45,"column":48}},"45":{"start":{"line":46,"column":0},"end":{"line":46,"column":5}},"46":{"start":{"line":47,"column":0},"end":{"line":47,"column":1}}},"s":{"0":1,"1":1,"2":1,"3":1,"4":1,"5":1,"6":1,"7":1,"8":1,"9":1,"10":1,"11":1,"12":1,"13":1,"14":1,"15":1,"16":1,"17":1,"18":1,"19":1,"20":5,"21":5,"22":5,"23":5,"24":3,"25":3,"26":1,"27":1,"28":2,"29":2,"30":1,"31":1,"32":1,"33":1,"34":1,"35":1,"36":3,"37":3,"38":2,"39":2,"40":2,"41":2,"42":2,"43":2,"44":2,"45":2,"46":1},"branchMap":{"0":{"type":"branch","line":10,"loc":{"start":{"line":10,"column":10},"end":{"line":13,"column":5}},"locations":[{"start":{"line":10,"column":10},"end":{"line":13,"column":5}}]},"1":{"type":"branch","line":15,"loc":{"start":{"line":15,"column":10},"end":{"line":18,"column":5}},"locations":[{"start":{"line":15,"column":10},"end":{"line":18,"column":5}}]},"2":{"type":"branch","line":17,"loc":{"start":{"line":17,"column":25},"end":{"line":17,"column":58}},"locations":[{"start":{"line":17,"column":25},"end":{"line":17,"column":58}}]},"3":{"type":"branch","line":20,"loc":{"start":{"line":20,"column":10},"end":{"line":26,"column":5}},"locations":[{"start":{"line":20,"column":10},"end":{"line":26,"column":5}}]},"4":{"type":"branch","line":24,"loc":{"start":{"line":24,"column":19},"end":{"line":24,"column":78}},"locations":[{"start":{"line":24,"column":19},"end":{"line":24,"column":78}}]},"5":{"type":"branch","line":25,"loc":{"start":{"line":25,"column":-2},"end":{"line":26,"column":5}},"locations":[{"start":{"line":25,"column":-2},"end":{"line":26,"column":5}}]},"6":{"type":"branch","line":28,"loc":{"start":{"line":28,"column":10},"end":{"line":34,"column":5}},"locations":[{"start":{"line":28,"column":10},"end":{"line":34,"column":5}}]},"7":{"type":"branch","line":30,"loc":{"start":{"line":30,"column":19},"end":{"line":34,"column":5}},"locations":[{"start":{"line":30,"column":19},"end":{"line":34,"column":5}}]},"8":{"type":"branch","line":36,"loc":{"start":{"line":36,"column":10},"end":{"line":46,"column":5}},"locations":[{"start":{"line":36,"column":10},"end":{"line":46,"column":5}}]},"9":{"type":"branch","line":38,"loc":{"start":{"line":38,"column":-2},"end":{"line":38,"column":25}},"locations":[{"start":{"line":38,"column":-2},"end":{"line":38,"column":25}}]},"10":{"type":"branch","line":38,"loc":{"start":{"line":38,"column":19},"end":{"line":38,"column":93}},"locations":[{"start":{"line":38,"column":19},"end":{"line":38,"column":93}}]},"11":{"type":"branch","line":39,"loc":{"start":{"line":39,"column":-2},"end":{"line":46,"column":5}},"locations":[{"start":{"line":39,"column":-2},"end":{"line":46,"column":5}}]}},"b":{"0":[1],"1":[1],"2":[2],"3":[5],"4":[2],"5":[3],"6":[2],"7":[1],"8":[3],"9":[2],"10":[0],"11":[2]},"fnMap":{"0":{"name":"create","decl":{"start":{"line":10,"column":10},"end":{"line":13,"column":5}},"loc":{"start":{"line":10,"column":10},"end":{"line":13,"column":5}},"line":10},"1":{"name":"getAll","decl":{"start":{"line":15,"column":10},"end":{"line":18,"column":5}},"loc":{"start":{"line":15,"column":10},"end":{"line":18,"column":5}},"line":15},"2":{"name":"findById","decl":{"start":{"line":20,"column":10},"end":{"line":26,"column":5}},"loc":{"start":{"line":20,"column":10},"end":{"line":26,"column":5}},"line":20},"3":{"name":"deleteTodoById","decl":{"start":{"line":28,"column":10},"end":{"line":34,"column":5}},"loc":{"start":{"line":28,"column":10},"end":{"line":34,"column":5}},"line":28},"4":{"name":"updateById","decl":{"start":{"line":36,"column":10},"end":{"line":46,"column":5}},"loc":{"start":{"line":36,"column":10},"end":{"line":46,"column":5}},"line":36}},"f":{"0":1,"1":1,"2":5,"3":2,"4":3}}
,"C:\\Users\\marco\\OneDrive\\Escritorio\\Programación\\curso-node2024\\webrest-server-node\\src\\infraestructure\\repositories\\todo.repository.impl.ts": {"path":"C:\\Users\\marco\\OneDrive\\Escritorio\\Programación\\curso-node2024\\webrest-server-node\\src\\infraestructure\\repositories\\todo.repository.impl.ts","all":false,"statementMap":{"0":{"start":{"line":1,"column":0},"end":{"line":1,"column":74}},"1":{"start":{"line":2,"column":0},"end":{"line":2,"column":72}},"2":{"start":{"line":3,"column":0},"end":{"line":3,"column":72}},"3":{"start":{"line":4,"column":0},"end":{"line":4,"column":63}},"4":{"start":{"line":5,"column":0},"end":{"line":5,"column":75}},"5":{"start":{"line":6,"column":0},"end":{"line":6,"column":0}},"6":{"start":{"line":7,"column":0},"end":{"line":7,"column":59}},"7":{"start":{"line":8,"column":0},"end":{"line":8,"column":16}},"8":{"start":{"line":9,"column":0},"end":{"line":9,"column":51}},"9":{"start":{"line":10,"column":0},"end":{"line":10,"column":7}},"10":{"start":{"line":11,"column":0},"end":{"line":11,"column":0}},"11":{"start":{"line":12,"column":0},"end":{"line":12,"column":5}},"12":{"start":{"line":13,"column":0},"end":{"line":13,"column":0}},"13":{"start":{"line":14,"column":0},"end":{"line":14,"column":63}},"14":{"start":{"line":15,"column":0},"end":{"line":15,"column":53}},"15":{"start":{"line":16,"column":0},"end":{"line":16,"column":5}},"16":{"start":{"line":17,"column":0},"end":{"line":17,"column":37}},"17":{"start":{"line":18,"column":0},"end":{"line":18,"column":40}},"18":{"start":{"line":19,"column":0},"end":{"line":19,"column":5}},"19":{"start":{"line":20,"column":0},"end":{"line":20,"column":47}},"20":{"start":{"line":21,"column":0},"end":{"line":21,"column":44}},"21":{"start":{"line":22,"column":0},"end":{"line":22,"column":5}},"22":{"start":{"line":23,"column":0},"end":{"line":23,"column":68}},"23":{"start":{"line":24,"column":0},"end":{"line":24,"column":58}},"24":{"start":{"line":25,"column":0},"end":{"line":25,"column":5}},"25":{"start":{"line":26,"column":0},"end":{"line":26,"column":53}},"26":{"start":{"line":27,"column":0},"end":{"line":27,"column":50}},"27":{"start":{"line":28,"column":0},"end":{"line":28,"column":5}},"28":{"start":{"line":29,"column":0},"end":{"line":29,"column":0}},"29":{"start":{"line":30,"column":0},"end":{"line":30,"column":1}}},"s":{"0":1,"1":1,"2":1,"3":1,"4":1,"5":1,"6":1,"7":1,"8":2,"9":2,"10":2,"11":2,"12":1,"13":1,"14":1,"15":1,"16":1,"17":1,"18":1,"19":1,"20":2,"21":2,"22":1,"23":3,"24":3,"25":1,"26":2,"27":2,"28":1,"29":1},"branchMap":{"0":{"type":"branch","line":8,"loc":{"start":{"line":8,"column":4},"end":{"line":12,"column":5}},"locations":[{"start":{"line":8,"column":4},"end":{"line":12,"column":5}}]},"1":{"type":"branch","line":14,"loc":{"start":{"line":14,"column":4},"end":{"line":16,"column":5}},"locations":[{"start":{"line":14,"column":4},"end":{"line":16,"column":5}}]},"2":{"type":"branch","line":17,"loc":{"start":{"line":17,"column":4},"end":{"line":19,"column":5}},"locations":[{"start":{"line":17,"column":4},"end":{"line":19,"column":5}}]},"3":{"type":"branch","line":20,"loc":{"start":{"line":20,"column":4},"end":{"line":22,"column":5}},"locations":[{"start":{"line":20,"column":4},"end":{"line":22,"column":5}}]},"4":{"type":"branch","line":23,"loc":{"start":{"line":23,"column":4},"end":{"line":25,"column":5}},"locations":[{"start":{"line":23,"column":4},"end":{"line":25,"column":5}}]},"5":{"type":"branch","line":26,"loc":{"start":{"line":26,"column":4},"end":{"line":28,"column":5}},"locations":[{"start":{"line":26,"column":4},"end":{"line":28,"column":5}}]}},"b":{"0":[2],"1":[1],"2":[1],"3":[2],"4":[3],"5":[2]},"fnMap":{"0":{"name":"TodoRepositoryImpl","decl":{"start":{"line":8,"column":4},"end":{"line":12,"column":5}},"loc":{"start":{"line":8,"column":4},"end":{"line":12,"column":5}},"line":8},"1":{"name":"create","decl":{"start":{"line":14,"column":4},"end":{"line":16,"column":5}},"loc":{"start":{"line":14,"column":4},"end":{"line":16,"column":5}},"line":14},"2":{"name":"getAll","decl":{"start":{"line":17,"column":4},"end":{"line":19,"column":5}},"loc":{"start":{"line":17,"column":4},"end":{"line":19,"column":5}},"line":17},"3":{"name":"findById","decl":{"start":{"line":20,"column":4},"end":{"line":22,"column":5}},"loc":{"start":{"line":20,"column":4},"end":{"line":22,"column":5}},"line":20},"4":{"name":"updateById","decl":{"start":{"line":23,"column":4},"end":{"line":25,"column":5}},"loc":{"start":{"line":23,"column":4},"end":{"line":25,"column":5}},"line":23},"5":{"name":"deleteTodoById","decl":{"start":{"line":26,"column":4},"end":{"line":28,"column":5}},"loc":{"start":{"line":26,"column":4},"end":{"line":28,"column":5}},"line":26}},"f":{"0":2,"1":1,"2":1,"3":2,"4":3,"5":2}}
,"C:\\Users\\marco\\OneDrive\\Escritorio\\Programación\\curso-node2024\\webrest-server-node\\src\\presentation\\routes.ts": {"path":"C:\\Users\\marco\\OneDrive\\Escritorio\\Programación\\curso-node2024\\webrest-server-node\\src\\presentation\\routes.ts","all":false,"statementMap":{"0":{"start":{"line":1,"column":0},"end":{"line":1,"column":33}},"1":{"start":{"line":2,"column":0},"end":{"line":2,"column":45}},"2":{"start":{"line":3,"column":0},"end":{"line":3,"column":0}},"3":{"start":{"line":4,"column":0},"end":{"line":4,"column":25}},"4":{"start":{"line":5,"column":0},"end":{"line":5,"column":0}},"5":{"start":{"line":6,"column":0},"end":{"line":6,"column":33}},"6":{"start":{"line":7,"column":0},"end":{"line":7,"column":32}},"7":{"start":{"line":8,"column":0},"end":{"line":8,"column":0}},"8":{"start":{"line":9,"column":0},"end":{"line":9,"column":53}},"9":{"start":{"line":10,"column":0},"end":{"line":10,"column":0}},"10":{"start":{"line":11,"column":0},"end":{"line":11,"column":22}},"11":{"start":{"line":12,"column":0},"end":{"line":12,"column":5}},"12":{"start":{"line":13,"column":0},"end":{"line":13,"column":1}}},"s":{"0":1,"1":1,"2":1,"3":1,"4":1,"5":1,"6":2,"7":2,"8":2,"9":2,"10":2,"11":2,"12":1},"branchMap":{"0":{"type":"branch","line":6,"loc":{"start":{"line":6,"column":10},"end":{"line":12,"column":5}},"locations":[{"start":{"line":6,"column":10},"end":{"line":12,"column":5}}]}},"b":{"0":[2]},"fnMap":{"0":{"name":"get routes","decl":{"start":{"line":6,"column":10},"end":{"line":12,"column":5}},"loc":{"start":{"line":6,"column":10},"end":{"line":12,"column":5}},"line":6}},"f":{"0":2}}
,"C:\\Users\\marco\\OneDrive\\Escritorio\\Programación\\curso-node2024\\webrest-server-node\\src\\presentation\\server.ts": {"path":"C:\\Users\\marco\\OneDrive\\Escritorio\\Programación\\curso-node2024\\webrest-server-node\\src\\presentation\\server.ts","all":false,"statementMap":{"0":{"start":{"line":1,"column":0},"end":{"line":1,"column":54}},"1":{"start":{"line":2,"column":0},"end":{"line":2,"column":24}},"2":{"start":{"line":3,"column":0},"end":{"line":3,"column":0}},"3":{"start":{"line":4,"column":0},"end":{"line":4,"column":19}},"4":{"start":{"line":5,"column":0},"end":{"line":5,"column":15}},"5":{"start":{"line":6,"column":0},"end":{"line":6,"column":23}},"6":{"start":{"line":7,"column":0},"end":{"line":7,"column":16}},"7":{"start":{"line":8,"column":0},"end":{"line":8,"column":1}},"8":{"start":{"line":9,"column":0},"end":{"line":9,"column":0}},"9":{"start":{"line":10,"column":0},"end":{"line":10,"column":0}},"10":{"start":{"line":11,"column":0},"end":{"line":11,"column":21}},"11":{"start":{"line":12,"column":0},"end":{"line":12,"column":0}},"12":{"start":{"line":13,"column":0},"end":{"line":13,"column":25}},"13":{"start":{"line":14,"column":0},"end":{"line":14,"column":32}},"14":{"start":{"line":15,"column":0},"end":{"line":15,"column":31}},"15":{"start":{"line":16,"column":0},"end":{"line":16,"column":38}},"16":{"start":{"line":17,"column":0},"end":{"line":17,"column":34}},"17":{"start":{"line":18,"column":0},"end":{"line":18,"column":0}},"18":{"start":{"line":19,"column":0},"end":{"line":19,"column":33}},"19":{"start":{"line":20,"column":0},"end":{"line":20,"column":61}},"20":{"start":{"line":21,"column":0},"end":{"line":21,"column":21}},"21":{"start":{"line":22,"column":0},"end":{"line":22,"column":34}},"22":{"start":{"line":23,"column":0},"end":{"line":23,"column":25}},"23":{"start":{"line":24,"column":0},"end":{"line":24,"column":3}},"24":{"start":{"line":25,"column":0},"end":{"line":25,"column":0}},"25":{"start":{"line":26,"column":0},"end":{"line":26,"column":0}},"26":{"start":{"line":27,"column":0},"end":{"line":27,"column":0}},"27":{"start":{"line":28,"column":0},"end":{"line":28,"column":17}},"28":{"start":{"line":29,"column":0},"end":{"line":29,"column":0}},"29":{"start":{"line":30,"column":0},"end":{"line":30,"column":0}},"30":{"start":{"line":31,"column":0},"end":{"line":31,"column":19}},"31":{"start":{"line":32,"column":0},"end":{"line":32,"column":46}},"32":{"start":{"line":33,"column":0},"end":{"line":33,"column":88}},"33":{"start":{"line":34,"column":0},"end":{"line":34,"column":0}},"34":{"start":{"line":35,"column":0},"end":{"line":35,"column":21}},"35":{"start":{"line":36,"column":0},"end":{"line":36,"column":50}},"36":{"start":{"line":37,"column":0},"end":{"line":37,"column":0}},"37":{"start":{"line":38,"column":0},"end":{"line":38,"column":14}},"38":{"start":{"line":39,"column":0},"end":{"line":39,"column":30}},"39":{"start":{"line":40,"column":0},"end":{"line":40,"column":0}},"40":{"start":{"line":41,"column":0},"end":{"line":41,"column":37}},"41":{"start":{"line":42,"column":0},"end":{"line":42,"column":88}},"42":{"start":{"line":43,"column":0},"end":{"line":43,"column":30}},"43":{"start":{"line":44,"column":0},"end":{"line":44,"column":7}},"44":{"start":{"line":45,"column":0},"end":{"line":45,"column":0}},"45":{"start":{"line":46,"column":0},"end":{"line":46,"column":0}},"46":{"start":{"line":47,"column":0},"end":{"line":47,"column":60}},"47":{"start":{"line":48,"column":0},"end":{"line":48,"column":57}},"48":{"start":{"line":49,"column":0},"end":{"line":49,"column":7}},"49":{"start":{"line":50,"column":0},"end":{"line":50,"column":0}},"50":{"start":{"line":51,"column":0},"end":{"line":51,"column":3}},"51":{"start":{"line":52,"column":0},"end":{"line":52,"column":0}},"52":{"start":{"line":53,"column":0},"end":{"line":53,"column":18}},"53":{"start":{"line":54,"column":0},"end":{"line":54,"column":33}},"54":{"start":{"line":55,"column":0},"end":{"line":55,"column":3}},"55":{"start":{"line":56,"column":0},"end":{"line":56,"column":1}}},"s":{"0":1,"1":1,"2":1,"3":1,"4":1,"5":1,"6":1,"7":1,"8":1,"9":1,"10":1,"11":1,"12":1,"13":1,"14":1,"15":1,"16":1,"17":1,"18":1,"19":1,"20":1,"21":1,"22":1,"23":1,"24":1,"25":1,"26":1,"27":1,"28":1,"29":1,"30":1,"31":1,"32":1,"33":1,"34":1,"35":1,"36":1,"37":1,"38":1,"39":1,"40":1,"41":0,"42":0,"43":1,"44":1,"45":1,"46":1,"47":1,"48":1,"49":1,"50":1,"51":1,"52":1,"53":1,"54":1,"55":1},"branchMap":{"0":{"type":"branch","line":19,"loc":{"start":{"line":19,"column":2},"end":{"line":24,"column":3}},"locations":[{"start":{"line":19,"column":2},"end":{"line":24,"column":3}}]},"1":{"type":"branch","line":28,"loc":{"start":{"line":28,"column":8},"end":{"line":51,"column":3}},"locations":[{"start":{"line":28,"column":8},"end":{"line":51,"column":3}}]},"2":{"type":"branch","line":47,"loc":{"start":{"line":47,"column":53},"end":{"line":49,"column":5}},"locations":[{"start":{"line":47,"column":53},"end":{"line":49,"column":5}}]},"3":{"type":"branch","line":53,"loc":{"start":{"line":53,"column":9},"end":{"line":55,"column":3}},"locations":[{"start":{"line":53,"column":9},"end":{"line":55,"column":3}}]},"4":{"type":"branch","line":54,"loc":{"start":{"line":54,"column":23},"end":{"line":54,"column":25}},"locations":[{"start":{"line":54,"column":23},"end":{"line":54,"column":25}}]}},"b":{"0":[1],"1":[1],"2":[1],"3":[1],"4":[0]},"fnMap":{"0":{"name":"Server","decl":{"start":{"line":19,"column":2},"end":{"line":24,"column":3}},"loc":{"start":{"line":19,"column":2},"end":{"line":24,"column":3}},"line":19},"1":{"name":"start","decl":{"start":{"line":28,"column":8},"end":{"line":51,"column":3}},"loc":{"start":{"line":28,"column":8},"end":{"line":51,"column":3}},"line":28},"2":{"name":"close","decl":{"start":{"line":53,"column":9},"end":{"line":55,"column":3}},"loc":{"start":{"line":53,"column":9},"end":{"line":55,"column":3}},"line":53}},"f":{"0":1,"1":1,"2":1}}
,"C:\\Users\\marco\\OneDrive\\Escritorio\\Programación\\curso-node2024\\webrest-server-node\\src\\presentation\\todos\\controller.ts": {"path":"C:\\Users\\marco\\OneDrive\\Escritorio\\Programación\\curso-node2024\\webrest-server-node\\src\\presentation\\todos\\controller.ts","all":false,"statementMap":{"0":{"start":{"line":1,"column":0},"end":{"line":1,"column":43}},"1":{"start":{"line":2,"column":0},"end":{"line":2,"column":72}},"2":{"start":{"line":3,"column":0},"end":{"line":3,"column":72}},"3":{"start":{"line":4,"column":0},"end":{"line":4,"column":75}},"4":{"start":{"line":5,"column":0},"end":{"line":5,"column":65}},"5":{"start":{"line":6,"column":0},"end":{"line":6,"column":67}},"6":{"start":{"line":7,"column":0},"end":{"line":7,"column":69}},"7":{"start":{"line":8,"column":0},"end":{"line":8,"column":69}},"8":{"start":{"line":9,"column":0},"end":{"line":9,"column":69}},"9":{"start":{"line":10,"column":0},"end":{"line":10,"column":63}},"10":{"start":{"line":11,"column":0},"end":{"line":11,"column":0}},"11":{"start":{"line":12,"column":0},"end":{"line":12,"column":13}},"12":{"start":{"line":13,"column":0},"end":{"line":13,"column":55}},"13":{"start":{"line":14,"column":0},"end":{"line":14,"column":56}},"14":{"start":{"line":15,"column":0},"end":{"line":15,"column":56}},"15":{"start":{"line":16,"column":0},"end":{"line":16,"column":1}},"16":{"start":{"line":17,"column":0},"end":{"line":17,"column":0}},"17":{"start":{"line":18,"column":0},"end":{"line":18,"column":30}},"18":{"start":{"line":19,"column":0},"end":{"line":19,"column":10}},"19":{"start":{"line":20,"column":0},"end":{"line":20,"column":16}},"20":{"start":{"line":21,"column":0},"end":{"line":21,"column":55}},"21":{"start":{"line":22,"column":0},"end":{"line":22,"column":9}},"22":{"start":{"line":23,"column":0},"end":{"line":23,"column":0}},"23":{"start":{"line":24,"column":0},"end":{"line":24,"column":70}},"24":{"start":{"line":25,"column":0},"end":{"line":25,"column":43}},"25":{"start":{"line":26,"column":0},"end":{"line":26,"column":72}},"26":{"start":{"line":27,"column":0},"end":{"line":27,"column":19}},"27":{"start":{"line":28,"column":0},"end":{"line":28,"column":9}},"28":{"start":{"line":29,"column":0},"end":{"line":29,"column":77}},"29":{"start":{"line":30,"column":0},"end":{"line":30,"column":5}},"30":{"start":{"line":31,"column":0},"end":{"line":31,"column":0}},"31":{"start":{"line":32,"column":0},"end":{"line":32,"column":56}},"32":{"start":{"line":33,"column":0},"end":{"line":33,"column":41}},"33":{"start":{"line":34,"column":0},"end":{"line":34,"column":22}},"34":{"start":{"line":35,"column":0},"end":{"line":35,"column":43}},"35":{"start":{"line":36,"column":0},"end":{"line":36,"column":61}},"36":{"start":{"line":37,"column":0},"end":{"line":37,"column":6}},"37":{"start":{"line":38,"column":0},"end":{"line":38,"column":0}},"38":{"start":{"line":39,"column":0},"end":{"line":39,"column":65}},"39":{"start":{"line":40,"column":0},"end":{"line":40,"column":34}},"40":{"start":{"line":41,"column":0},"end":{"line":41,"column":44}},"41":{"start":{"line":42,"column":0},"end":{"line":42,"column":24}},"42":{"start":{"line":43,"column":0},"end":{"line":43,"column":41}},"43":{"start":{"line":44,"column":0},"end":{"line":44,"column":61}},"44":{"start":{"line":45,"column":0},"end":{"line":45,"column":6}},"45":{"start":{"line":46,"column":0},"end":{"line":46,"column":0}},"46":{"start":{"line":47,"column":0},"end":{"line":47,"column":64}},"47":{"start":{"line":48,"column":0},"end":{"line":48,"column":71}},"48":{"start":{"line":49,"column":0},"end":{"line":49,"column":77}},"49":{"start":{"line":50,"column":0},"end":{"line":50,"column":0}},"50":{"start":{"line":51,"column":0},"end":{"line":51,"column":43}},"51":{"start":{"line":52,"column":0},"end":{"line":52,"column":36}},"52":{"start":{"line":53,"column":0},"end":{"line":53,"column":67}},"53":{"start":{"line":54,"column":0},"end":{"line":54,"column":61}},"54":{"start":{"line":55,"column":0},"end":{"line":55,"column":6}},"55":{"start":{"line":56,"column":0},"end":{"line":56,"column":0}},"56":{"start":{"line":57,"column":0},"end":{"line":57,"column":64}},"57":{"start":{"line":58,"column":0},"end":{"line":58,"column":34}},"58":{"start":{"line":59,"column":0},"end":{"line":59,"column":74}},"59":{"start":{"line":60,"column":0},"end":{"line":60,"column":0}},"60":{"start":{"line":61,"column":0},"end":{"line":61,"column":81}},"61":{"start":{"line":62,"column":0},"end":{"line":62,"column":77}},"62":{"start":{"line":63,"column":0},"end":{"line":63,"column":0}},"63":{"start":{"line":64,"column":0},"end":{"line":64,"column":43}},"64":{"start":{"line":65,"column":0},"end":{"line":65,"column":36}},"65":{"start":{"line":66,"column":0},"end":{"line":66,"column":55}},"66":{"start":{"line":67,"column":0},"end":{"line":67,"column":61}},"67":{"start":{"line":68,"column":0},"end":{"line":68,"column":5}},"68":{"start":{"line":69,"column":0},"end":{"line":69,"column":0}},"69":{"start":{"line":70,"column":0},"end":{"line":70,"column":64}},"70":{"start":{"line":71,"column":0},"end":{"line":71,"column":34}},"71":{"start":{"line":72,"column":0},"end":{"line":72,"column":74}},"72":{"start":{"line":73,"column":0},"end":{"line":73,"column":0}},"73":{"start":{"line":74,"column":0},"end":{"line":74,"column":43}},"74":{"start":{"line":75,"column":0},"end":{"line":75,"column":24}},"75":{"start":{"line":76,"column":0},"end":{"line":76,"column":55}},"76":{"start":{"line":77,"column":0},"end":{"line":77,"column":61}},"77":{"start":{"line":78,"column":0},"end":{"line":78,"column":5}},"78":{"start":{"line":79,"column":0},"end":{"line":79,"column":1}}},"s":{"0":1,"1":1,"2":1,"3":1,"4":1,"5":1,"6":1,"7":1,"8":1,"9":1,"10":1,"11":1,"12":1,"13":1,"14":1,"15":1,"16":1,"17":1,"18":1,"19":1,"20":2,"21":2,"22":1,"23":1,"24":3,"25":3,"26":3,"27":3,"28":0,"29":0,"30":1,"31":1,"32":1,"33":1,"34":1,"35":1,"36":1,"37":1,"38":1,"39":2,"40":2,"41":2,"42":2,"43":2,"44":2,"45":1,"46":1,"47":2,"48":2,"49":1,"50":1,"51":1,"52":1,"53":1,"54":2,"55":1,"56":1,"57":3,"58":3,"59":3,"60":3,"61":3,"62":3,"63":3,"64":3,"65":3,"66":3,"67":3,"68":1,"69":1,"70":2,"71":2,"72":2,"73":2,"74":2,"75":2,"76":2,"77":2,"78":1},"branchMap":{"0":{"type":"branch","line":20,"loc":{"start":{"line":20,"column":4},"end":{"line":22,"column":9}},"locations":[{"start":{"line":20,"column":4},"end":{"line":22,"column":9}}]},"1":{"type":"branch","line":24,"loc":{"start":{"line":24,"column":34},"end":{"line":30,"column":5}},"locations":[{"start":{"line":24,"column":34},"end":{"line":30,"column":5}}]},"2":{"type":"branch","line":29,"loc":{"start":{"line":29,"column":-2},"end":{"line":30,"column":5}},"locations":[{"start":{"line":29,"column":-2},"end":{"line":30,"column":5}}]},"3":{"type":"branch","line":32,"loc":{"start":{"line":32,"column":22},"end":{"line":37,"column":5}},"locations":[{"start":{"line":32,"column":22},"end":{"line":37,"column":5}}]},"4":{"type":"branch","line":35,"loc":{"start":{"line":35,"column":18},"end":{"line":35,"column":42}},"locations":[{"start":{"line":35,"column":18},"end":{"line":35,"column":42}}]},"5":{"type":"branch","line":39,"loc":{"start":{"line":39,"column":25},"end":{"line":45,"column":6}},"locations":[{"start":{"line":39,"column":25},"end":{"line":45,"column":6}}]},"6":{"type":"branch","line":39,"loc":{"start":{"line":39,"column":63},"end":{"line":45,"column":5}},"locations":[{"start":{"line":39,"column":63},"end":{"line":45,"column":5}}]},"7":{"type":"branch","line":43,"loc":{"start":{"line":43,"column":18},"end":{"line":43,"column":40}},"locations":[{"start":{"line":43,"column":18},"end":{"line":43,"column":40}}]},"8":{"type":"branch","line":44,"loc":{"start":{"line":44,"column":19},"end":{"line":44,"column":60}},"locations":[{"start":{"line":44,"column":19},"end":{"line":44,"column":60}}]},"9":{"type":"branch","line":47,"loc":{"start":{"line":47,"column":24},"end":{"line":55,"column":6}},"locations":[{"start":{"line":47,"column":24},"end":{"line":55,"column":6}}]},"10":{"type":"branch","line":47,"loc":{"start":{"line":47,"column":62},"end":{"line":55,"column":5}},"locations":[{"start":{"line":47,"column":62},"end":{"line":55,"column":5}}]},"11":{"type":"branch","line":49,"loc":{"start":{"line":49,"column":17},"end":{"line":49,"column":36}},"locations":[{"start":{"line":49,"column":17},"end":{"line":49,"column":36}}]},"12":{"type":"branch","line":49,"loc":{"start":{"line":49,"column":38},"end":{"line":55,"column":5}},"locations":[{"start":{"line":49,"column":38},"end":{"line":55,"column":5}}]},"13":{"type":"branch","line":53,"loc":{"start":{"line":53,"column":18},"end":{"line":53,"column":66}},"locations":[{"start":{"line":53,"column":18},"end":{"line":53,"column":66}}]},"14":{"type":"branch","line":57,"loc":{"start":{"line":57,"column":24},"end":{"line":68,"column":5}},"locations":[{"start":{"line":57,"column":24},"end":{"line":68,"column":5}}]},"15":{"type":"branch","line":57,"loc":{"start":{"line":57,"column":62},"end":{"line":68,"column":5}},"locations":[{"start":{"line":57,"column":62},"end":{"line":68,"column":5}}]},"16":{"type":"branch","line":59,"loc":{"start":{"line":59,"column":23},"end":{"line":59,"column":74}},"locations":[{"start":{"line":59,"column":23},"end":{"line":59,"column":74}}]},"17":{"type":"branch","line":62,"loc":{"start":{"line":62,"column":38},"end":{"line":62,"column":77}},"locations":[{"start":{"line":62,"column":38},"end":{"line":62,"column":77}}]},"18":{"type":"branch","line":66,"loc":{"start":{"line":66,"column":18},"end":{"line":66,"column":54}},"locations":[{"start":{"line":66,"column":18},"end":{"line":66,"column":54}}]},"19":{"type":"branch","line":67,"loc":{"start":{"line":67,"column":19},"end":{"line":67,"column":60}},"locations":[{"start":{"line":67,"column":19},"end":{"line":67,"column":60}}]},"20":{"type":"branch","line":70,"loc":{"start":{"line":70,"column":24},"end":{"line":78,"column":5}},"locations":[{"start":{"line":70,"column":24},"end":{"line":78,"column":5}}]},"21":{"type":"branch","line":70,"loc":{"start":{"line":70,"column":62},"end":{"line":78,"column":5}},"locations":[{"start":{"line":70,"column":62},"end":{"line":78,"column":5}}]},"22":{"type":"branch","line":72,"loc":{"start":{"line":72,"column":23},"end":{"line":72,"column":74}},"locations":[{"start":{"line":72,"column":23},"end":{"line":72,"column":74}}]},"23":{"type":"branch","line":76,"loc":{"start":{"line":76,"column":18},"end":{"line":76,"column":54}},"locations":[{"start":{"line":76,"column":18},"end":{"line":76,"column":54}}]},"24":{"type":"branch","line":77,"loc":{"start":{"line":77,"column":19},"end":{"line":77,"column":60}},"locations":[{"start":{"line":77,"column":19},"end":{"line":77,"column":60}}]}},"b":{"0":[2],"1":[3],"2":[0],"3":[1],"4":[1],"5":[2],"6":[2],"7":[1],"8":[1],"9":[2],"10":[2],"11":[1],"12":[1],"13":[1],"14":[3],"15":[3],"16":[0],"17":[0],"18":[2],"19":[1],"20":[2],"21":[2],"22":[0],"23":[1],"24":[1]},"fnMap":{"0":{"name":"TodosController","decl":{"start":{"line":20,"column":4},"end":{"line":22,"column":9}},"loc":{"start":{"line":20,"column":4},"end":{"line":22,"column":9}},"line":20},"1":{"name":"TodosController.handleErrorResponse","decl":{"start":{"line":24,"column":34},"end":{"line":30,"column":5}},"loc":{"start":{"line":24,"column":34},"end":{"line":30,"column":5}},"line":24},"2":{"name":"TodosController.getTodos","decl":{"start":{"line":32,"column":22},"end":{"line":37,"column":5}},"loc":{"start":{"line":32,"column":22},"end":{"line":37,"column":5}},"line":32},"3":{"name":"TodosController.getTodoById","decl":{"start":{"line":39,"column":25},"end":{"line":45,"column":6}},"loc":{"start":{"line":39,"column":25},"end":{"line":45,"column":6}},"line":39},"4":{"name":"TodosController.createTodo","decl":{"start":{"line":47,"column":24},"end":{"line":55,"column":6}},"loc":{"start":{"line":47,"column":24},"end":{"line":55,"column":6}},"line":47},"5":{"name":"TodosController.updateTodo","decl":{"start":{"line":57,"column":24},"end":{"line":68,"column":5}},"loc":{"start":{"line":57,"column":24},"end":{"line":68,"column":5}},"line":57},"6":{"name":"TodosController.deleteTodo","decl":{"start":{"line":70,"column":24},"end":{"line":78,"column":5}},"loc":{"start":{"line":70,"column":24},"end":{"line":78,"column":5}},"line":70}},"f":{"0":2,"1":3,"2":1,"3":2,"4":2,"5":3,"6":2}}
,"C:\\Users\\marco\\OneDrive\\Escritorio\\Programación\\curso-node2024\\webrest-server-node\\src\\presentation\\todos\\routes.ts": {"path":"C:\\Users\\marco\\OneDrive\\Escritorio\\Programación\\curso-node2024\\webrest-server-node\\src\\presentation\\todos\\routes.ts","all":false,"statementMap":{"0":{"start":{"line":1,"column":0},"end":{"line":1,"column":33}},"1":{"start":{"line":2,"column":0},"end":{"line":2,"column":47}},"2":{"start":{"line":3,"column":0},"end":{"line":3,"column":102}},"3":{"start":{"line":4,"column":0},"end":{"line":4,"column":93}},"4":{"start":{"line":5,"column":0},"end":{"line":5,"column":0}},"5":{"start":{"line":6,"column":0},"end":{"line":6,"column":26}},"6":{"start":{"line":7,"column":0},"end":{"line":7,"column":21}},"7":{"start":{"line":8,"column":0},"end":{"line":8,"column":0}},"8":{"start":{"line":9,"column":0},"end":{"line":9,"column":33}},"9":{"start":{"line":10,"column":0},"end":{"line":10,"column":32}},"10":{"start":{"line":11,"column":0},"end":{"line":11,"column":0}},"11":{"start":{"line":12,"column":0},"end":{"line":12,"column":52}},"12":{"start":{"line":13,"column":0},"end":{"line":13,"column":66}},"13":{"start":{"line":14,"column":0},"end":{"line":14,"column":67}},"14":{"start":{"line":15,"column":0},"end":{"line":15,"column":0}},"15":{"start":{"line":16,"column":0},"end":{"line":16,"column":49}},"16":{"start":{"line":17,"column":0},"end":{"line":17,"column":55}},"17":{"start":{"line":18,"column":0},"end":{"line":18,"column":52}},"18":{"start":{"line":19,"column":0},"end":{"line":19,"column":54}},"19":{"start":{"line":20,"column":0},"end":{"line":20,"column":57}},"20":{"start":{"line":21,"column":0},"end":{"line":21,"column":0}},"21":{"start":{"line":22,"column":0},"end":{"line":22,"column":21}},"22":{"start":{"line":23,"column":0},"end":{"line":23,"column":5}},"23":{"start":{"line":24,"column":0},"end":{"line":24,"column":1}}},"s":{"0":1,"1":1,"2":1,"3":1,"4":1,"5":1,"6":1,"7":1,"8":1,"9":2,"10":2,"11":2,"12":2,"13":2,"14":2,"15":2,"16":2,"17":2,"18":2,"19":2,"20":2,"21":2,"22":2,"23":1},"branchMap":{"0":{"type":"branch","line":9,"loc":{"start":{"line":9,"column":10},"end":{"line":23,"column":5}},"locations":[{"start":{"line":9,"column":10},"end":{"line":23,"column":5}}]}},"b":{"0":[2]},"fnMap":{"0":{"name":"TodosRoutes","decl":{"start":{"line":7,"column":4},"end":{"line":7,"column":21}},"loc":{"start":{"line":7,"column":4},"end":{"line":7,"column":21}},"line":7},"1":{"name":"get routes","decl":{"start":{"line":9,"column":10},"end":{"line":23,"column":5}},"loc":{"start":{"line":9,"column":10},"end":{"line":23,"column":5}},"line":9}},"f":{"0":0,"1":2}}
,"C:\\Users\\marco\\OneDrive\\Escritorio\\Programación\\curso-node2024\\webrest-server-node\\test\\test-server.ts": {"path":"C:\\Users\\marco\\OneDrive\\Escritorio\\Programación\\curso-node2024\\webrest-server-node\\test\\test-server.ts","all":false,"statementMap":{"0":{"start":{"line":1,"column":0},"end":{"line":1,"column":42}},"1":{"start":{"line":2,"column":0},"end":{"line":2,"column":56}},"2":{"start":{"line":3,"column":0},"end":{"line":3,"column":52}},"3":{"start":{"line":4,"column":0},"end":{"line":4,"column":0}},"4":{"start":{"line":5,"column":0},"end":{"line":5,"column":38}},"5":{"start":{"line":6,"column":0},"end":{"line":6,"column":20}},"6":{"start":{"line":7,"column":0},"end":{"line":7,"column":34}},"7":{"start":{"line":8,"column":0},"end":{"line":8,"column":29}},"8":{"start":{"line":9,"column":0},"end":{"line":9,"column":3}}},"s":{"0":1,"1":1,"2":1,"3":1,"4":1,"5":1,"6":1,"7":1,"8":1},"branchMap":{},"b":{},"fnMap":{},"f":{}}
}
