TN:
SF:src\app.ts
FN:13,main
FNF:1
FNH:1
FNDA:1,main
DA:1,1
DA:2,1
DA:3,1
DA:4,1
DA:5,1
DA:6,1
DA:7,1
DA:8,1
DA:9,1
DA:10,1
DA:11,1
DA:12,1
DA:13,1
DA:14,1
DA:15,1
DA:16,1
DA:17,1
DA:18,1
DA:19,1
DA:20,1
DA:21,1
DA:22,1
LF:22
LH:22
BRDA:8,0,0,1
BRDA:8,1,0,1
BRDA:13,2,0,1
BRF:3
BRH:3
end_of_record
TN:
SF:src\config\envs.ts
FNF:0
FNH:0
DA:1,1
DA:2,1
DA:3,1
DA:4,1
DA:5,1
DA:6,1
DA:7,1
DA:8,1
DA:9,1
DA:10,1
LF:10
LH:10
BRF:0
BRH:0
end_of_record
TN:
SF:src\data\postgresql\index.ts
FNF:0
FNH:0
DA:1,1
DA:2,1
DA:3,1
LF:3
LH:3
BRF:0
BRH:0
end_of_record
TN:
SF:src\domain\dtos\todos\create-todo.dto.ts
FN:2,CreateTodoDto
FN:6,create
FNF:2
FNH:2
FNDA:1,CreateTodoDto
FNDA:2,create
DA:1,1
DA:2,1
DA:3,1
DA:4,1
DA:5,1
DA:6,1
DA:7,2
DA:8,2
DA:9,1
DA:10,1
DA:11,1
DA:12,1
LF:12
LH:12
BRDA:2,0,0,1
BRDA:6,1,0,2
BRDA:8,2,0,1
BRDA:8,3,0,1
BRF:4
BRH:4
end_of_record
TN:
SF:src\domain\dtos\todos\update-todo.dto.ts
FN:2,UpdateTodoDto
FN:10,get values
FN:19,update
FNF:3
FNH:3
FNDA:3,UpdateTodoDto
FNDA:2,get values
FNDA:3,update
DA:1,1
DA:2,1
DA:3,3
DA:4,3
DA:5,3
DA:6,3
DA:7,3
DA:8,3
DA:9,1
DA:10,1
DA:11,2
DA:12,2
DA:13,2
DA:14,2
DA:15,2
DA:16,2
DA:17,2
DA:18,1
DA:19,1
DA:20,3
DA:21,3
DA:22,0
DA:23,0
DA:24,3
DA:25,3
DA:26,3
DA:27,3
DA:28,3
DA:29,0
DA:30,0
DA:31,3
DA:32,3
DA:33,3
DA:34,3
DA:35,1
LF:35
LH:31
BRDA:2,0,0,3
BRDA:10,1,0,2
BRDA:13,2,0,1
BRDA:19,3,0,3
BRDA:21,4,0,0
BRDA:28,5,0,0
BRF:6
BRH:4
end_of_record
TN:
SF:src\domain\entities\todo.entity.ts
FN:4,TodoEntity
FN:12,get isCompleted
FN:16,fromJson
FNF:3
FNH:2
FNDA:9,TodoEntity
FNDA:0,get isCompleted
FNDA:9,fromJson
DA:1,1
DA:2,1
DA:3,1
DA:4,1
DA:5,9
DA:6,9
DA:7,9
DA:8,9
DA:9,9
DA:10,9
DA:11,1
DA:12,1
DA:13,0
DA:14,0
DA:15,1
DA:16,1
DA:17,9
DA:18,9
DA:19,9
DA:20,9
DA:21,9
DA:22,9
DA:23,5
DA:24,5
DA:25,0
DA:26,0
DA:27,5
DA:28,9
DA:29,9
DA:30,9
DA:31,1
LF:31
LH:27
BRDA:4,0,0,9
BRDA:16,1,0,9
BRDA:18,2,0,0
BRDA:19,3,0,0
BRDA:22,4,0,5
BRDA:24,5,0,0
BRF:6
BRH:3
end_of_record
TN:
SF:src\domain\errors\custom.error.ts
FN:2,CustomError
FNF:1
FNH:1
FNDA:3,CustomError
DA:1,1
DA:2,1
DA:3,3
DA:4,3
DA:5,3
DA:6,3
DA:7,3
DA:8,1
LF:8
LH:8
BRDA:2,0,0,3
BRF:1
BRH:1
end_of_record
TN:
SF:src\domain\use-cases\todo\create-todo.ts
FN:10,CreateTodo
FN:15,execute
FNF:2
FNH:2
FNDA:1,CreateTodo
FNDA:1,execute
DA:1,1
DA:2,1
DA:3,1
DA:4,1
DA:5,1
DA:6,1
DA:7,1
DA:8,1
DA:9,1
DA:10,1
DA:11,1
DA:12,1
DA:13,1
DA:14,1
DA:15,1
DA:16,1
DA:17,1
DA:18,1
LF:18
LH:18
BRDA:10,0,0,1
BRDA:15,1,0,1
BRF:2
BRH:2
end_of_record
TN:
SF:src\domain\use-cases\todo\delete-todo.ts
FN:9,DeleteTodo
FN:14,execute
FNF:2
FNH:2
FNDA:2,DeleteTodo
FNDA:2,execute
DA:1,1
DA:2,1
DA:3,1
DA:4,1
DA:5,1
DA:6,1
DA:7,1
DA:8,1
DA:9,1
DA:10,2
DA:11,2
DA:12,2
DA:13,2
DA:14,1
DA:15,2
DA:16,2
DA:17,1
LF:17
LH:17
BRDA:9,0,0,2
BRDA:14,1,0,2
BRF:2
BRH:2
end_of_record
TN:
SF:src\domain\use-cases\todo\get-todo.ts
FN:9,GetTodoById
FN:14,execute
FNF:2
FNH:2
FNDA:2,GetTodoById
FNDA:2,execute
DA:1,1
DA:2,1
DA:3,1
DA:4,1
DA:5,1
DA:6,1
DA:7,1
DA:8,1
DA:9,1
DA:10,2
DA:11,2
DA:12,2
DA:13,2
DA:14,1
DA:15,2
DA:16,2
DA:17,1
LF:17
LH:17
BRDA:9,0,0,2
BRDA:14,1,0,2
BRF:2
BRH:2
end_of_record
TN:
SF:src\domain\use-cases\todo\get-todos.ts
FN:9,GetTodos
FN:14,execute
FNF:2
FNH:2
FNDA:1,GetTodos
FNDA:1,execute
DA:1,1
DA:2,1
DA:3,1
DA:4,1
DA:5,1
DA:6,1
DA:7,1
DA:8,1
DA:9,1
DA:10,1
DA:11,1
DA:12,1
DA:13,1
DA:14,1
DA:15,1
DA:16,1
DA:17,1
LF:17
LH:17
BRDA:9,0,0,1
BRDA:14,1,0,1
BRF:2
BRH:2
end_of_record
TN:
SF:src\domain\use-cases\todo\update-todo.ts
FN:10,UpdateTodo
FN:15,execute
FNF:2
FNH:2
FNDA:3,UpdateTodo
FNDA:3,execute
DA:1,1
DA:2,1
DA:3,1
DA:4,1
DA:5,1
DA:6,1
DA:7,1
DA:8,1
DA:9,1
DA:10,1
DA:11,3
DA:12,3
DA:13,3
DA:14,3
DA:15,1
DA:16,3
DA:17,3
DA:18,1
LF:18
LH:18
BRDA:10,0,0,3
BRDA:15,1,0,3
BRF:2
BRH:2
end_of_record
TN:
SF:src\infraestructure\datasource\datasource\todo.datasource.impl.ts
FN:10,create
FN:15,getAll
FN:20,findById
FN:28,deleteTodoById
FN:36,updateById
FNF:5
FNH:5
FNDA:1,create
FNDA:1,getAll
FNDA:5,findById
FNDA:2,deleteTodoById
FNDA:3,updateById
DA:1,1
DA:2,1
DA:3,1
DA:4,1
DA:5,1
DA:6,1
DA:7,1
DA:8,1
DA:9,1
DA:10,1
DA:11,1
DA:12,1
DA:13,1
DA:14,1
DA:15,1
DA:16,1
DA:17,1
DA:18,1
DA:19,1
DA:20,1
DA:21,5
DA:22,5
DA:23,5
DA:24,5
DA:25,3
DA:26,3
DA:27,1
DA:28,1
DA:29,2
DA:30,2
DA:31,1
DA:32,1
DA:33,1
DA:34,1
DA:35,1
DA:36,1
DA:37,3
DA:38,3
DA:39,2
DA:40,2
DA:41,2
DA:42,2
DA:43,2
DA:44,2
DA:45,2
DA:46,2
DA:47,1
LF:47
LH:47
BRDA:10,0,0,1
BRDA:15,1,0,1
BRDA:17,2,0,2
BRDA:20,3,0,5
BRDA:24,4,0,2
BRDA:25,5,0,3
BRDA:28,6,0,2
BRDA:30,7,0,1
BRDA:36,8,0,3
BRDA:38,9,0,2
BRDA:38,10,0,0
BRDA:39,11,0,2
BRF:12
BRH:11
end_of_record
TN:
SF:src\infraestructure\repositories\todo.repository.impl.ts
FN:8,TodoRepositoryImpl
FN:14,create
FN:17,getAll
FN:20,findById
FN:23,updateById
FN:26,deleteTodoById
FNF:6
FNH:6
FNDA:2,TodoRepositoryImpl
FNDA:1,create
FNDA:1,getAll
FNDA:2,findById
FNDA:3,updateById
FNDA:2,deleteTodoById
DA:1,1
DA:2,1
DA:3,1
DA:4,1
DA:5,1
DA:6,1
DA:7,1
DA:8,1
DA:9,2
DA:10,2
DA:11,2
DA:12,2
DA:13,1
DA:14,1
DA:15,1
DA:16,1
DA:17,1
DA:18,1
DA:19,1
DA:20,1
DA:21,2
DA:22,2
DA:23,1
DA:24,3
DA:25,3
DA:26,1
DA:27,2
DA:28,2
DA:29,1
DA:30,1
LF:30
LH:30
BRDA:8,0,0,2
BRDA:14,1,0,1
BRDA:17,2,0,1
BRDA:20,3,0,2
BRDA:23,4,0,3
BRDA:26,5,0,2
BRF:6
BRH:6
end_of_record
TN:
SF:src\presentation\routes.ts
FN:6,get routes
FNF:1
FNH:1
FNDA:2,get routes
DA:1,1
DA:2,1
DA:3,1
DA:4,1
DA:5,1
DA:6,1
DA:7,2
DA:8,2
DA:9,2
DA:10,2
DA:11,2
DA:12,2
DA:13,1
LF:13
LH:13
BRDA:6,0,0,2
BRF:1
BRH:1
end_of_record
TN:
SF:src\presentation\server.ts
FN:19,Server
FN:28,start
FN:53,close
FNF:3
FNH:3
FNDA:1,Server
FNDA:1,start
FNDA:1,close
DA:1,1
DA:2,1
DA:3,1
DA:4,1
DA:5,1
DA:6,1
DA:7,1
DA:8,1
DA:9,1
DA:10,1
DA:11,1
DA:12,1
DA:13,1
DA:14,1
DA:15,1
DA:16,1
DA:17,1
DA:18,1
DA:19,1
DA:20,1
DA:21,1
DA:22,1
DA:23,1
DA:24,1
DA:25,1
DA:26,1
DA:27,1
DA:28,1
DA:29,1
DA:30,1
DA:31,1
DA:32,1
DA:33,1
DA:34,1
DA:35,1
DA:36,1
DA:37,1
DA:38,1
DA:39,1
DA:40,1
DA:41,1
DA:42,0
DA:43,0
DA:44,1
DA:45,1
DA:46,1
DA:47,1
DA:48,1
DA:49,1
DA:50,1
DA:51,1
DA:52,1
DA:53,1
DA:54,1
DA:55,1
DA:56,1
LF:56
LH:54
BRDA:19,0,0,1
BRDA:28,1,0,1
BRDA:47,2,0,1
BRDA:53,3,0,1
BRDA:54,4,0,0
BRF:5
BRH:4
end_of_record
TN:
SF:src\presentation\todos\controller.ts
FN:20,TodosController
FN:24,TodosController.handleErrorResponse
FN:32,TodosController.getTodos
FN:39,TodosController.getTodoById
FN:47,TodosController.createTodo
FN:57,TodosController.updateTodo
FN:70,TodosController.deleteTodo
FNF:7
FNH:7
FNDA:2,TodosController
FNDA:3,TodosController.handleErrorResponse
FNDA:1,TodosController.getTodos
FNDA:2,TodosController.getTodoById
FNDA:2,TodosController.createTodo
FNDA:3,TodosController.updateTodo
FNDA:2,TodosController.deleteTodo
DA:1,1
DA:2,1
DA:3,1
DA:4,1
DA:5,1
DA:6,1
DA:7,1
DA:8,1
DA:9,1
DA:10,1
DA:11,1
DA:12,1
DA:13,1
DA:14,1
DA:15,1
DA:16,1
DA:17,1
DA:18,1
DA:19,1
DA:20,1
DA:21,2
DA:22,2
DA:23,1
DA:24,1
DA:25,3
DA:26,3
DA:27,3
DA:28,3
DA:29,0
DA:30,0
DA:31,1
DA:32,1
DA:33,1
DA:34,1
DA:35,1
DA:36,1
DA:37,1
DA:38,1
DA:39,1
DA:40,2
DA:41,2
DA:42,2
DA:43,2
DA:44,2
DA:45,2
DA:46,1
DA:47,1
DA:48,2
DA:49,2
DA:50,1
DA:51,1
DA:52,1
DA:53,1
DA:54,1
DA:55,2
DA:56,1
DA:57,1
DA:58,3
DA:59,3
DA:60,3
DA:61,3
DA:62,3
DA:63,3
DA:64,3
DA:65,3
DA:66,3
DA:67,3
DA:68,3
DA:69,1
DA:70,1
DA:71,2
DA:72,2
DA:73,2
DA:74,2
DA:75,2
DA:76,2
DA:77,2
DA:78,2
DA:79,1
LF:79
LH:77
BRDA:20,0,0,2
BRDA:24,1,0,3
BRDA:29,2,0,0
BRDA:32,3,0,1
BRDA:35,4,0,1
BRDA:39,5,0,2
BRDA:39,6,0,2
BRDA:43,7,0,1
BRDA:44,8,0,1
BRDA:47,9,0,2
BRDA:47,10,0,2
BRDA:49,11,0,1
BRDA:49,12,0,1
BRDA:53,13,0,1
BRDA:57,14,0,3
BRDA:57,15,0,3
BRDA:59,16,0,0
BRDA:62,17,0,0
BRDA:66,18,0,2
BRDA:67,19,0,1
BRDA:70,20,0,2
BRDA:70,21,0,2
BRDA:72,22,0,0
BRDA:76,23,0,1
BRDA:77,24,0,1
BRF:25
BRH:21
end_of_record
TN:
SF:src\presentation\todos\routes.ts
FN:7,TodosRoutes
FN:9,get routes
FNF:2
FNH:1
FNDA:0,TodosRoutes
FNDA:2,get routes
DA:1,1
DA:2,1
DA:3,1
DA:4,1
DA:5,1
DA:6,1
DA:7,1
DA:8,1
DA:9,1
DA:10,2
DA:11,2
DA:12,2
DA:13,2
DA:14,2
DA:15,2
DA:16,2
DA:17,2
DA:18,2
DA:19,2
DA:20,2
DA:21,2
DA:22,2
DA:23,2
DA:24,1
LF:24
LH:24
BRDA:9,0,0,2
BRF:1
BRH:1
end_of_record
TN:
SF:test\test-server.ts
FNF:0
FNH:0
DA:1,1
DA:2,1
DA:3,1
DA:4,1
DA:5,1
DA:6,1
DA:7,1
DA:8,1
DA:9,1
LF:9
LH:9
BRF:0
BRH:0
end_of_record
