TN:
SF:src\js-foundations\01-template.js
FN:1,Object.<anonymous>
FNF:1
FNH:1
FNDA:1,Object.<anonymous>
DA:1,1
DA:2,1
DA:3,1
DA:4,1
DA:5,1
DA:6,1
DA:7,1
DA:8,1
DA:9,1
LF:9
LH:9
BRDA:1,0,0,1
BRDA:1,1,0,1
BRF:2
BRH:2
end_of_record
TN:
SF:src\js-foundations\02-desctructuring.js
FN:1,Object.<anonymous>
FNF:1
FNH:1
FNDA:1,Object.<anonymous>
DA:1,1
DA:2,1
DA:3,1
DA:4,1
DA:5,1
DA:6,1
DA:7,1
DA:8,1
DA:9,1
DA:10,1
DA:11,1
DA:12,1
LF:12
LH:12
BRDA:1,0,0,1
BRDA:1,1,0,1
BRF:2
BRH:2
end_of_record
TN:
SF:src\js-foundations\03-callbacks.js
FN:1,Object.<anonymous>
FN:12,getUserById
FNF:2
FNH:2
FNDA:1,Object.<anonymous>
FNDA:2,getUserById
DA:1,1
DA:2,1
DA:3,1
DA:4,1
DA:5,1
DA:6,1
DA:7,1
DA:8,1
DA:9,1
DA:10,1
DA:11,1
DA:12,2
DA:13,2
DA:14,2
DA:15,2
DA:16,2
DA:17,1
DA:18,1
DA:19,1
DA:20,1
DA:21,2
DA:22,1
DA:23,1
DA:24,1
DA:25,1
DA:26,1
DA:27,1
LF:27
LH:27
BRDA:1,0,0,1
BRDA:1,1,0,1
BRDA:12,2,0,2
BRDA:16,3,0,1
BRDA:13,4,0,3
BRF:5
BRH:5
end_of_record
TN:
SF:src\js-foundations\05-factoryFunction.js
FN:1,Object.<anonymous>
FN:3,buildMakePerson
FNF:2
FNH:2
FNDA:1,Object.<anonymous>
FNDA:2,buildMakePerson
DA:1,1
DA:2,1
DA:3,1
DA:4,2
DA:5,2
DA:6,1
DA:7,1
DA:8,1
DA:9,1
DA:10,1
DA:11,1
DA:12,1
DA:13,2
DA:14,1
DA:15,1
DA:16,1
DA:17,1
DA:18,1
DA:19,1
DA:20,1
DA:21,1
DA:22,1
DA:23,1
DA:24,1
DA:25,1
DA:26,1
DA:27,1
DA:28,1
DA:29,1
DA:30,1
DA:31,1
DA:32,1
DA:33,1
LF:33
LH:33
BRDA:1,0,0,1
BRDA:1,1,0,1
BRDA:3,2,0,2
BRDA:5,3,0,1
BRF:4
BRH:4
end_of_record
TN:
SF:src\js-foundations\06-promises.js
FN:1,Object.<anonymous>
FN:3,getPokemonsById
FNF:2
FNH:2
FNDA:1,Object.<anonymous>
FNDA:2,getPokemonsById
DA:1,1
DA:2,1
DA:3,1
DA:4,2
DA:5,2
DA:6,2
DA:7,2
DA:8,1
DA:9,1
DA:10,1
DA:11,1
DA:12,1
DA:13,2
DA:14,2
DA:15,2
DA:16,2
DA:17,2
DA:18,2
DA:19,2
DA:20,1
DA:21,1
DA:22,1
DA:23,1
LF:23
LH:23
BRDA:1,0,0,1
BRDA:1,1,0,1
BRDA:3,2,0,2
BRDA:8,3,0,1
BRF:4
BRH:4
end_of_record
